[INFO] Scanning for projects...
[INFO] 
[INFO] ---------------------< com.skaly:fashion-backend >----------------------
[INFO] Building Fashion Backend 0.0.1-SNAPSHOT
[INFO]   from pom.xml
[INFO] --------------------------------[ jar ]---------------------------------
[INFO] 
[INFO] --- clean:3.4.0:clean (default-clean) @ fashion-backend ---
[INFO] Deleting D:\CodeFile\Fashion-Graduation-Thesis\backend\target
[INFO] 
[INFO] >>> spring-boot:3.4.1:run (default-cli) > test-compile @ fashion-backend >>>
[INFO] 
[INFO] --- resources:3.3.1:resources (default-resources) @ fashion-backend ---
[INFO] Copying 1 resource from src\main\resources to target\classes
[INFO] Copying 0 resource from src\main\resources to target\classes
[INFO] 
[INFO] --- compiler:3.13.0:compile (default-compile) @ fashion-backend ---
[INFO] Recompiling the module because of changed source code.
[INFO] Compiling 50 source files with javac [debug parameters release 21] to target\classes
[INFO] 
[INFO] --- resources:3.3.1:testResources (default-testResources) @ fashion-backend ---
[INFO] skip non existing resourceDirectory D:\CodeFile\Fashion-Graduation-Thesis\backend\src\test\resources
[INFO] 
[INFO] --- compiler:3.13.0:testCompile (default-testCompile) @ fashion-backend ---
[INFO] Recompiling the module because of changed dependency.
[INFO] Compiling 1 source file with javac [debug parameters release 21] to target\test-classes
[INFO] 
[INFO] <<< spring-boot:3.4.1:run (default-cli) < test-compile @ fashion-backend <<<
[INFO] 
[INFO] 
[INFO] --- spring-boot:3.4.1:run (default-cli) @ fashion-backend ---
[INFO] Attaching agents: []

  .   ____          _            __ _ _
 /\\ / ___'_ __ _ _(_)_ __  __ _ \ \ \ \
( ( )\___ | '_ | '_| | '_ \/ _` | \ \ \ \
 \\/  ___)| |_)| | | | | || (_| |  ) ) ) )
  '  |____| .__|_| |_|_| |_\__, | / / / /
 =========|_|==============|___/=/_/_/_/

 :: Spring Boot ::                (v3.4.1)

2026-02-02T17:27:32.992+07:00  INFO 15888 --- [fashion-backend] [           main] c.s.f.FashionBackendApplication          : Starting FashionBackendApplication using Java 21.0.9 with PID 15888 (D:\CodeFile\Fashion-Graduation-Thesis\backend\target\classes started by DELL in D:\CodeFile\Fashion-Graduation-Thesis\backend)
2026-02-02T17:27:32.996+07:00  INFO 15888 --- [fashion-backend] [           main] c.s.f.FashionBackendApplication          : No active profile set, falling back to 1 default profile: "default"
2026-02-02T17:27:34.968+07:00  INFO 15888 --- [fashion-backend] [           main] .s.d.r.c.RepositoryConfigurationDelegate : Bootstrapping Spring Data JPA repositories in DEFAULT mode.
2026-02-02T17:27:35.196+07:00  INFO 15888 --- [fashion-backend] [           main] .s.d.r.c.RepositoryConfigurationDelegate : Finished Spring Data repository scanning in 202 ms. Found 7 JPA repository interfaces.
2026-02-02T17:27:37.407+07:00  INFO 15888 --- [fashion-backend] [           main] o.s.b.w.embedded.tomcat.TomcatWebServer  : Tomcat initialized with port 8080 (http)
2026-02-02T17:27:37.446+07:00  INFO 15888 --- [fashion-backend] [           main] o.apache.catalina.core.StandardService   : Starting service [Tomcat]
2026-02-02T17:27:37.448+07:00  INFO 15888 --- [fashion-backend] [           main] o.apache.catalina.core.StandardEngine    : Starting Servlet engine: [Apache Tomcat/10.1.34]
2026-02-02T17:27:37.629+07:00  INFO 15888 --- [fashion-backend] [           main] o.a.c.c.C.[Tomcat].[localhost].[/]       : Initializing Spring embedded WebApplicationContext
2026-02-02T17:27:37.630+07:00  INFO 15888 --- [fashion-backend] [           main] w.s.c.ServletWebServerApplicationContext : Root WebApplicationContext: initialization completed in 4552 ms
2026-02-02T17:27:38.118+07:00  INFO 15888 --- [fashion-backend] [           main] o.hibernate.jpa.internal.util.LogHelper  : HHH000204: Processing PersistenceUnitInfo [name: default]
2026-02-02T17:27:38.239+07:00  INFO 15888 --- [fashion-backend] [           main] org.hibernate.Version                    : HHH000412: Hibernate ORM core version 6.6.4.Final
2026-02-02T17:27:38.298+07:00  INFO 15888 --- [fashion-backend] [           main] o.h.c.internal.RegionFactoryInitiator    : HHH000026: Second-level cache disabled
2026-02-02T17:27:38.767+07:00  INFO 15888 --- [fashion-backend] [           main] o.s.o.j.p.SpringPersistenceUnitInfo      : No LoadTimeWeaver setup: ignoring JPA class transformer
2026-02-02T17:27:38.821+07:00  INFO 15888 --- [fashion-backend] [           main] com.zaxxer.hikari.HikariDataSource       : HikariPool-1 - Starting...
2026-02-02T17:27:39.064+07:00  INFO 15888 --- [fashion-backend] [           main] com.zaxxer.hikari.pool.HikariPool        : HikariPool-1 - Added connection org.postgresql.jdbc.PgConnection@6fc28e5b
2026-02-02T17:27:39.076+07:00  INFO 15888 --- [fashion-backend] [           main] com.zaxxer.hikari.HikariDataSource       : HikariPool-1 - Start completed.
2026-02-02T17:27:39.128+07:00  WARN 15888 --- [fashion-backend] [           main] org.hibernate.orm.deprecation            : HHH90000025: PostgreSQLDialect does not need to be specified explicitly using 'hibernate.dialect' (remove the property setting and it will be selected by default)
2026-02-02T17:27:39.154+07:00  INFO 15888 --- [fashion-backend] [           main] org.hibernate.orm.connections.pooling    : HHH10001005: Database info:
	Database JDBC URL [Connecting through datasource 'HikariDataSource (HikariPool-1)']
	Database driver: undefined/unknown
	Database version: 16.11
	Autocommit mode: undefined/unknown
	Isolation level: undefined/unknown
	Minimum pool size: undefined/unknown
	Maximum pool size: undefined/unknown
2026-02-02T17:27:41.088+07:00  INFO 15888 --- [fashion-backend] [           main] o.h.e.t.j.p.i.JtaPlatformInitiator       : HHH000489: No JTA platform available (set 'hibernate.transaction.jta.platform' to enable JTA platform integration)
2026-02-02T17:27:41.369+07:00  INFO 15888 --- [fashion-backend] [           main] j.LocalContainerEntityManagerFactoryBean : Initialized JPA EntityManagerFactory for persistence unit 'default'
2026-02-02T17:27:42.002+07:00  INFO 15888 --- [fashion-backend] [           main] eAuthenticationProviderManagerConfigurer : Global AuthenticationManager configured with AuthenticationProvider bean with name authenticationProvider
2026-02-02T17:27:42.002+07:00  WARN 15888 --- [fashion-backend] [           main] r$InitializeUserDetailsManagerConfigurer : Global AuthenticationManager configured with an AuthenticationProvider bean. UserDetailsService beans will not be used by Spring Security for automatically configuring username/password login. Consider removing the AuthenticationProvider bean. Alternatively, consider using the UserDetailsService in a manually instantiated DaoAuthenticationProvider. If the current configuration is intentional, to turn off this warning, increase the logging level of 'org.springframework.security.config.annotation.authentication.configuration.InitializeUserDetailsBeanManagerConfigurer' to ERROR
2026-02-02T17:27:42.324+07:00  WARN 15888 --- [fashion-backend] [           main] JpaBaseConfiguration$JpaWebConfiguration : spring.jpa.open-in-view is enabled by default. Therefore, database queries may be performed during view rendering. Explicitly configure spring.jpa.open-in-view to disable this warning
2026-02-02T17:27:42.941+07:00  INFO 15888 --- [fashion-backend] [           main] o.s.b.a.e.web.EndpointLinksResolver      : Exposing 1 endpoint beneath base path '/actuator'
2026-02-02T17:27:44.033+07:00  WARN 15888 --- [fashion-backend] [           main] ConfigServletWebServerApplicationContext : Exception encountered during context initialization - cancelling refresh attempt: org.springframework.context.ApplicationContextException: Failed to start bean 'webServerStartStop'
Hibernate: 
    select
        djep1_0.id,
        djep1_0.completion_date,
        djep1_0.event_type,
        djep1_0.listener_id,
        djep1_0.publication_date,
        djep1_0.serialized_event 
    from
        event_publication djep1_0 
    where
        djep1_0.completion_date is null 
    order by
        djep1_0.publication_date
2026-02-02T17:27:44.809+07:00  INFO 15888 --- [fashion-backend] [           main] .s.m.e.c.DefaultEventPublicationRegistry : No publications outstanding!
2026-02-02T17:27:44.825+07:00  INFO 15888 --- [fashion-backend] [           main] j.LocalContainerEntityManagerFactoryBean : Closing JPA EntityManagerFactory for persistence unit 'default'
2026-02-02T17:27:44.828+07:00  INFO 15888 --- [fashion-backend] [           main] com.zaxxer.hikari.HikariDataSource       : HikariPool-1 - Shutdown initiated...
2026-02-02T17:27:44.846+07:00  INFO 15888 --- [fashion-backend] [           main] com.zaxxer.hikari.HikariDataSource       : HikariPool-1 - Shutdown completed.
2026-02-02T17:27:44.908+07:00  INFO 15888 --- [fashion-backend] [           main] .s.b.a.l.ConditionEvaluationReportLogger : 

Error starting ApplicationContext. To display the condition evaluation report re-run your application with 'debug' enabled.
2026-02-02T17:27:44.935+07:00 ERROR 15888 --- [fashion-backend] [           main] o.s.b.d.LoggingFailureAnalysisReporter   : 

***************************
APPLICATION FAILED TO START
***************************

Description:

Web server failed to start. Port 8080 was already in use.

Action:

Identify and stop the process that's listening on port 8080 or configure this application to listen on another port.

[INFO] ------------------------------------------------------------------------
[INFO] BUILD FAILURE
[INFO] ------------------------------------------------------------------------
[INFO] Total time:  43.752 s
[INFO] Finished at: 2026-02-02T17:27:45+07:00
[INFO] ------------------------------------------------------------------------
[ERROR] Failed to execute goal org.springframework.boot:spring-boot-maven-plugin:3.4.1:run (default-cli) on project fashion-backend: Process terminated with exit code: 1 -> [Help 1]
[ERROR] 
[ERROR] To see the full stack trace of the errors, re-run Maven with the -e switch.
[ERROR] Re-run Maven using the -X switch to enable full debug logging.
[ERROR] 
[ERROR] For more information about the errors and possible solutions, please read the following articles:
[ERROR] [Help 1] http://cwiki.apache.org/confluence/display/MAVEN/MojoExecutionException
